[debug] [2026-01-04T10:17:36.937Z] ----------------------------------------------------------------------
[debug] [2026-01-04T10:17:36.939Z] Command:       /usr/local/bin/node /Users/bekstar11gmail.com/.npm-global/bin/firebase init functions
[debug] [2026-01-04T10:17:36.940Z] CLI Version:   15.1.0
[debug] [2026-01-04T10:17:36.940Z] Platform:      darwin
[debug] [2026-01-04T10:17:36.940Z] Node Version:  v22.21.0
[debug] [2026-01-04T10:17:36.940Z] Time:          Sun Jan 04 2026 15:17:36 GMT+0500 (Uzbekistan Standard Time)
[debug] [2026-01-04T10:17:36.940Z] ----------------------------------------------------------------------
[debug] 
[info] 
     ######## #### ########  ######## ########     ###     ######  ########
     ##        ##  ##     ## ##       ##     ##  ##   ##  ##       ##
     ######    ##  ########  ######   ########  #########  ######  ######
     ##        ##  ##    ##  ##       ##     ## ##     ##       ## ##
     ##       #### ##     ## ######## ########  ##     ##  ######  ########

You're about to initialize a Firebase project in this directory:

  /Users/bekstar11gmail.com/web-pro

Before we get started, keep in mind:

  * You are initializing within an existing Firebase project directory

[info] 
=== Project Setup
[info] 
[info] First, let's associate this project directory with a Firebase project.
[info] You can create multiple project aliases by running firebase use --add, 
[info] 
[debug] [2026-01-04T10:17:37.746Z] > command requires scopes: ["email","openid","https://www.googleapis.com/auth/cloudplatformprojects.readonly","https://www.googleapis.com/auth/firebase","https://www.googleapis.com/auth/cloud-platform"]
[debug] [2026-01-04T10:17:37.747Z] > authorizing via signed-in user (aslchikbek@gmail.com)
[debug] [2026-01-04T10:17:37.747Z] Checked if tokens are valid: true, expires at: 1767524480905
[debug] [2026-01-04T10:17:37.747Z] Checked if tokens are valid: true, expires at: 1767524480905
[debug] [2026-01-04T10:17:37.748Z] >>> [apiv2][query] GET https://firebase.googleapis.com/v1beta1/projects/web-pro-6dc7d [none]
[debug] [2026-01-04T10:17:38.381Z] <<< [apiv2][status] GET https://firebase.googleapis.com/v1beta1/projects/web-pro-6dc7d 200
[debug] [2026-01-04T10:17:38.381Z] <<< [apiv2][body] GET https://firebase.googleapis.com/v1beta1/projects/web-pro-6dc7d {"projectId":"web-pro-6dc7d","projectNumber":"109951567314","displayName":"web-pro","name":"projects/web-pro-6dc7d","resources":{"hostingSite":"web-pro-6dc7d"},"state":"ACTIVE","etag":"1_60196681-371b-4288-9f29-52daefe350b0"}
[info] i  Using project web-pro-6dc7d (web-pro) . 
[info] 
=== Functions Setup
[debug] [2026-01-04T10:17:38.391Z] > command requires scopes: ["email","openid","https://www.googleapis.com/auth/cloudplatformprojects.readonly","https://www.googleapis.com/auth/firebase","https://www.googleapis.com/auth/cloud-platform"]
[debug] [2026-01-04T10:17:38.391Z] > authorizing via signed-in user (aslchikbek@gmail.com)
[debug] [2026-01-04T10:17:38.391Z] [iam] checking project web-pro-6dc7d for permissions ["firebase.projects.get"]
[debug] [2026-01-04T10:17:38.392Z] Checked if tokens are valid: true, expires at: 1767524480905
[debug] [2026-01-04T10:17:38.392Z] Checked if tokens are valid: true, expires at: 1767524480905
[debug] [2026-01-04T10:17:38.392Z] >>> [apiv2][query] POST https://cloudresourcemanager.googleapis.com/v1/projects/web-pro-6dc7d:testIamPermissions [none]
[debug] [2026-01-04T10:17:38.392Z] >>> [apiv2][(partial)header] POST https://cloudresourcemanager.googleapis.com/v1/projects/web-pro-6dc7d:testIamPermissions x-goog-quota-user=projects/web-pro-6dc7d
[debug] [2026-01-04T10:17:38.392Z] >>> [apiv2][body] POST https://cloudresourcemanager.googleapis.com/v1/projects/web-pro-6dc7d:testIamPermissions {"permissions":["firebase.projects.get"]}
[debug] [2026-01-04T10:17:39.461Z] <<< [apiv2][status] POST https://cloudresourcemanager.googleapis.com/v1/projects/web-pro-6dc7d:testIamPermissions 200
[debug] [2026-01-04T10:17:39.461Z] <<< [apiv2][body] POST https://cloudresourcemanager.googleapis.com/v1/projects/web-pro-6dc7d:testIamPermissions {"permissions":["firebase.projects.get"]}
[info] 
Detected existing codebase(s): default

[info] Let's create a new codebase for your functions.
[info] A directory corresponding to the codebase will be created in your project
[info] with sample code pre-configured.

[info] See https://firebase.google.com/docs/functions/organize-functions for
[info] more information on organizing your functions using codebases.

[info] Functions can be deployed with firebase deploy.

[debug] [2026-01-04T10:18:08.975Z] ExitPromptError: User force closed the prompt with SIGINT
    at Interface.sigint (/Users/bekstar11gmail.com/.npm-global/lib/node_modules/firebase-tools/node_modules/@inquirer/core/dist/commonjs/lib/create-prompt.js:101:37)
    at Interface.emit (node:events:519:28)
    at [_ttyWrite] [as _ttyWrite] (node:internal/readline/interface:1134:18)
    at ReadStream.onkeypress (node:internal/readline/interface:271:20)
    at ReadStream.emit (node:events:531:35)
    at emitKeys (node:internal/readline/utils:370:14)
    at emitKeys.next (<anonymous>)
    at ReadStream.onData (node:internal/readline/emitKeypressEvents:64:36)
    at ReadStream.emit (node:events:519:28)
    at addChunk (node:internal/streams/readable:561:12)
[error] 
[error] Error: An unexpected error has occurred.
